<?xml version="1.0" encoding="UTF-8"?>
<!-- Generated by org.testng.reporters.JUnitReportReporter -->
<testsuite hostname="GL1PC-BDCWFQ1" name="com.webapp.executioner.ExecutionerClass" tests="1" failures="0" timestamp="7 Dec 2017 09:57:06 GMT" time="24.106" errors="1">
  <testcase name="feature" time="24.106" classname="com.webapp.executioner.ExecutionerClass">
    <error type="cucumber.runtime.CucumberException" message="java.lang.StringIndexOutOfBoundsException: String index out of range: 7">
      <![CDATA[cucumber.runtime.CucumberException: java.lang.StringIndexOutOfBoundsException: String index out of range: 7
	at cucumber.api.testng.TestNGCucumberRunner.runCucumber(TestNGCucumberRunner.java:69)
	at cucumber.api.testng.AbstractTestNGCucumberTests.feature(AbstractTestNGCucumberTests.java:21)
	at sun.reflect.NativeMethodAccessorImpl.invoke0(Native Method)
	at sun.reflect.NativeMethodAccessorImpl.invoke(NativeMethodAccessorImpl.java:62)
	at sun.reflect.DelegatingMethodAccessorImpl.invoke(DelegatingMethodAccessorImpl.java:43)
	at java.lang.reflect.Method.invoke(Method.java:497)
	at org.testng.internal.MethodInvocationHelper.invokeMethod(MethodInvocationHelper.java:85)
	at org.testng.internal.Invoker.invokeMethod(Invoker.java:639)
	at org.testng.internal.Invoker.invokeTestMethod(Invoker.java:816)
	at org.testng.internal.Invoker.invokeTestMethods(Invoker.java:1124)
	at org.testng.internal.TestMethodWorker.invokeTestMethods(TestMethodWorker.java:125)
	at org.testng.internal.TestMethodWorker.run(TestMethodWorker.java:108)
	at org.testng.TestRunner.privateRun(TestRunner.java:774)
	at org.testng.TestRunner.run(TestRunner.java:624)
	at org.testng.SuiteRunner.runTest(SuiteRunner.java:359)
	at org.testng.SuiteRunner.runSequentially(SuiteRunner.java:354)
	at org.testng.SuiteRunner.privateRun(SuiteRunner.java:312)
	at org.testng.SuiteRunner.run(SuiteRunner.java:261)
	at org.testng.SuiteRunnerWorker.runSuite(SuiteRunnerWorker.java:52)
	at org.testng.SuiteRunnerWorker.run(SuiteRunnerWorker.java:86)
	at org.testng.TestNG.runSuitesSequentially(TestNG.java:1215)
	at org.testng.TestNG.runSuitesLocally(TestNG.java:1140)
	at org.testng.TestNG.run(TestNG.java:1048)
	at org.testng.remote.AbstractRemoteTestNG.run(AbstractRemoteTestNG.java:126)
	at org.testng.remote.RemoteTestNG.initAndRun(RemoteTestNG.java:137)
	at org.testng.remote.RemoteTestNG.main(RemoteTestNG.java:58)
Caused by: java.lang.StringIndexOutOfBoundsException: String index out of range: 7
	at java.lang.String.substring(String.java:1963)
	at com.webapp.baseLibrary.FunctionsLibrary.enterFromDate(FunctionsLibrary.java:1347)
	at com.webapp.page.InternalTracingPage.clickonFromDateField(InternalTracingPage.java:47)
	at com.webapp.stepDefinition.CommonStepDefinitions.click_On_From_Date_Field(CommonStepDefinitions.java:183)
	at ✽.Given : User clicks on From Date(src/test/resources/features/InternalTracingGUI.feature:11)
]]>
    </error>
  </testcase> <!-- feature -->
</testsuite> <!-- com.webapp.executioner.ExecutionerClass -->
